#
# There is insufficient memory for the Java Runtime Environment to continue.
# Native memory allocation (mmap) failed to map 260046848 bytes. Error detail: G1 virtual space
# Possible reasons:
#   The system is out of physical RAM or swap space
#   This process is running with CompressedOops enabled, and the Java Heap may be blocking the growth of the native heap
# Possible solutions:
#   Reduce memory load on the system
#   Increase physical memory or swap space
#   Check if swap backing store is full
#   Decrease Java heap size (-Xmx/-Xms)
#   Decrease number of Java threads
#   Decrease Java thread stack sizes (-Xss)
#   Set larger code cache with -XX:ReservedCodeCacheSize=
#   JVM is running with Zero Based Compressed Oops mode in which the Java heap is
#     placed in the first 32GB address space. The Java Heap base address is the
#     maximum limit for the native heap growth. Please use -XX:HeapBaseMinAddress
#     to set the Java Heap base and to place the Java Heap above 32GB virtual address.
# This output file may be truncated or incomplete.
#
#  Out of Memory Error (os_windows.cpp:3707), pid=20880, tid=17376
#
# JRE version:  (23.0.2+7) (build )
# Java VM: Java HotSpot(TM) 64-Bit Server VM (23.0.2+7-58, mixed mode, sharing, tiered, compressed oops, compressed class ptrs, g1 gc, windows-amd64)
# No core dump will be written. Minidumps are not enabled by default on client versions of Windows
#

---------------  S U M M A R Y ------------

Command Line: com.mycompany.motorph.MotorPH

Host: AMD Ryzen 7 4800H with Radeon Graphics         , 16 cores, 15G,  Windows 11 , 64 bit Build 26100 (10.0.26100.3323)
Time: Sun Mar 30 11:17:14 2025 Eastern Daylight Time elapsed time: 1.191272 seconds (0d 0h 0m 1s)

---------------  T H R E A D  ---------------

Current thread (0x000002487adfeea0):  JavaThread "Unknown thread" [_thread_in_vm, id=17376, stack(0x0000007306e00000,0x0000007306f00000) (1024K)]

Stack: [0x0000007306e00000,0x0000007306f00000]
Native frames: (J=compiled Java code, j=interpreted, Vv=VM code, C=native code)
V  [jvm.dll+0x6e0b99]  (no source info available)
V  [jvm.dll+0x87e2b3]  (no source info available)
V  [jvm.dll+0x88073e]  (no source info available)
V  [jvm.dll+0x880e13]  (no source info available)
V  [jvm.dll+0x27b006]  (no source info available)
V  [jvm.dll+0x6dd485]  (no source info available)
V  [jvm.dll+0x6d127a]  (no source info available)
V  [jvm.dll+0x35b50a]  (no source info available)
V  [jvm.dll+0x363916]  (no source info available)
V  [jvm.dll+0x34fe7e]  (no source info available)
V  [jvm.dll+0x350118]  (no source info available)
V  [jvm.dll+0x328aec]  (no source info available)
V  [jvm.dll+0x32978e]  (no source info available)
V  [jvm.dll+0x8449a5]  (no source info available)
V  [jvm.dll+0x3b9a08]  (no source info available)
V  [jvm.dll+0x82d68c]  (no source info available)
V  [jvm.dll+0x454f2e]  (no source info available)
V  [jvm.dll+0x456db1]  (no source info available)
C  [jli.dll+0x52a3]  (no source info available)
C  [ucrtbase.dll+0x37b0]  (no source info available)
C  [KERNEL32.DLL+0x2e8d7]  (no source info available)
C  [ntdll.dll+0xbbf6c]  (no source info available)

Lock stack of current Java thread (top to bottom):


---------------  P R O C E S S  ---------------

Threads class SMR info:
_java_thread_list=0x00007ffeaff64618, length=0, elements={
}

Java Threads: ( => current thread )
Total: 0

Other Threads:
  0x000002487ae65140 WorkerThread "GC Thread#0"                     [id=9768, stack(0x0000007306f00000,0x0000007307000000) (1024K)]
  0x000002487ae79600 ConcurrentGCThread "G1 Main Marker"            [id=9708, stack(0x0000007307000000,0x0000007307100000) (1024K)]
  0x000002487ae7c040 WorkerThread "G1 Conc#0"                       [id=23812, stack(0x0000007307100000,0x0000007307200000) (1024K)]

[error occurred during error reporting (printing all threads), id 0xc0000005, EXCEPTION_ACCESS_VIOLATION (0xc0000005) at pc=0x00007ffeaf6ac0da]
VM state: not at safepoint (not fully initialized)

VM Mutex/Monitor currently owned by a thread:  ([mutex/lock_event])
[0x00007ffeaffe4988] Heap_lock - owner thread: 0x000002487adfeea0

Heap address: 0x0000000709400000, size: 3948 MB, Compressed Oops mode: Zero based, Oop shift amount: 3

CDS archive(s) mapped at: [0x0000000000000000-0x0000000000000000-0x0000000000000000), size 0, SharedBaseAddress: 0x0000000800000000, ArchiveRelocationMode: 1.
Narrow klass base: 0x0000000000000000, Narrow klass shift: 0, Narrow klass range: 0x0

GC Precious Log:
 CardTable entry size: 512
 Card Set container configuration: InlinePtr #cards 4 size 8 Array Of Cards #cards 16 size 48 Howl #buckets 8 coarsen threshold 3686 Howl Bitmap #cards 512 size 80 coarsen threshold 460 Card regions per heap region 1 cards per card region 4096

Heap:
 garbage-first heap   total reserved 4042752K, committed 0K, used 0K [0x0000000709400000, 0x0000000800000000)
  region size 2048K, 0 young (0K), 0 survivors (0K)

[error occurred during error reporting (printing heap information), id 0xc0000005, EXCEPTION_ACCESS_VIOLATION (0xc0000005) at pc=0x00007ffeafaac6a9]
GC Heap History (0 events):
No events

Dll operation events (1 events):
Event: 0.008 Loaded shared library C:\Program Files\Java\jdk-23\bin\java.dll

Deoptimization events (0 events):
No events

Classes loaded (0 events):
No events

Classes unloaded (0 events):
No events

Classes redefined (0 events):
No events

Internal exceptions (0 events):
No events

VM Operations (0 events):
No events

Memory protections (0 events):
No events

Nmethod flushes (0 events):
No events

Events (0 events):
No events


Dynamic libraries:
0x00007ff742130000 - 0x00007ff742140000 	C:\Program Files\Java\jdk-23\bin\java.exe
0x00007fff86900000 - 0x00007fff86b63000 	C:\WINDOWS\SYSTEM32\ntdll.dll
0x00007fff85de0000 - 0x00007fff85ea7000 	C:\WINDOWS\System32\KERNEL32.DLL
0x00007fff84290000 - 0x00007fff84659000 	C:\WINDOWS\System32\KERNELBASE.dll
0x00007fff84000000 - 0x00007fff8414c000 	C:\WINDOWS\System32\ucrtbase.dll
0x00007fff77d00000 - 0x00007fff77d1b000 	C:\Program Files\Java\jdk-23\bin\VCRUNTIME140.dll
0x00007fff76de0000 - 0x00007fff76df7000 	C:\Program Files\Java\jdk-23\bin\jli.dll
0x00007fff86280000 - 0x00007fff8644a000 	C:\WINDOWS\System32\USER32.dll
0x00007fff6f580000 - 0x00007fff6f810000 	C:\WINDOWS\WinSxS\amd64_microsoft.windows.common-controls_6595b64144ccf1df_6.0.26100.3323_none_3e088096e3344490\COMCTL32.dll
0x00007fff83d00000 - 0x00007fff83d27000 	C:\WINDOWS\System32\win32u.dll
0x00007fff854a0000 - 0x00007fff854ca000 	C:\WINDOWS\System32\GDI32.dll
0x00007fff85370000 - 0x00007fff85419000 	C:\WINDOWS\System32\msvcrt.dll
0x00007fff84150000 - 0x00007fff84281000 	C:\WINDOWS\System32\gdi32full.dll
0x00007fff83eb0000 - 0x00007fff83f53000 	C:\WINDOWS\System32\msvcp_win.dll
0x00007fff85670000 - 0x00007fff8569f000 	C:\WINDOWS\System32\IMM32.DLL
0x00007fff7ed40000 - 0x00007fff7ed4c000 	C:\Program Files\Java\jdk-23\bin\vcruntime140_1.dll
0x00007fff73f80000 - 0x00007fff7400e000 	C:\Program Files\Java\jdk-23\bin\msvcp140.dll
0x00007ffeaf370000 - 0x00007ffeb00c0000 	C:\Program Files\Java\jdk-23\bin\server\jvm.dll
0x00007fff84720000 - 0x00007fff847d2000 	C:\WINDOWS\System32\ADVAPI32.dll
0x00007fff850d0000 - 0x00007fff85176000 	C:\WINDOWS\System32\sechost.dll
0x00007fff86720000 - 0x00007fff86836000 	C:\WINDOWS\System32\RPCRT4.dll
0x00007fff861a0000 - 0x00007fff86214000 	C:\WINDOWS\System32\WS2_32.dll
0x00007fff837d0000 - 0x00007fff8381e000 	C:\WINDOWS\SYSTEM32\POWRPROF.dll
0x00007fff7c280000 - 0x00007fff7c28b000 	C:\WINDOWS\SYSTEM32\VERSION.dll
0x00007fff7c240000 - 0x00007fff7c276000 	C:\WINDOWS\SYSTEM32\WINMM.dll
0x00007fff837b0000 - 0x00007fff837c4000 	C:\WINDOWS\SYSTEM32\UMPDC.dll
0x00007fff82990000 - 0x00007fff829aa000 	C:\WINDOWS\SYSTEM32\kernel.appcore.dll
0x00007fff7ec90000 - 0x00007fff7ec9a000 	C:\Program Files\Java\jdk-23\bin\jimage.dll
0x00007fff75c50000 - 0x00007fff75e91000 	C:\WINDOWS\SYSTEM32\DBGHELP.DLL
0x00007fff847e0000 - 0x00007fff84b62000 	C:\WINDOWS\System32\combase.dll
0x00007fff85eb0000 - 0x00007fff85f86000 	C:\WINDOWS\System32\OLEAUT32.dll
0x00007ffeb9700000 - 0x00007ffeb9739000 	C:\WINDOWS\SYSTEM32\dbgcore.DLL
0x00007fff83f60000 - 0x00007fff83ff9000 	C:\WINDOWS\System32\bcryptPrimitives.dll
0x00007fff77c40000 - 0x00007fff77c5e000 	C:\Program Files\Java\jdk-23\bin\java.dll
0x00007fff854d0000 - 0x00007fff85665000 	C:\WINDOWS\System32\ole32.dll
0x00007fff856b0000 - 0x00007fff85dc5000 	C:\WINDOWS\System32\SHELL32.dll
0x00007fff83b00000 - 0x00007fff83c68000 	C:\WINDOWS\System32\wintypes.dll

dbghelp: loaded successfully - version: 4.0.5 - missing functions: none
symbol engine: initialized successfully - sym options: 0x614 - pdb path: .;C:\Program Files\Java\jdk-23\bin;C:\WINDOWS\SYSTEM32;C:\WINDOWS\WinSxS\amd64_microsoft.windows.common-controls_6595b64144ccf1df_6.0.26100.3323_none_3e088096e3344490;C:\Program Files\Java\jdk-23\bin\server

VM Arguments:
java_command: com.mycompany.motorph.MotorPH
java_class_path (initial): C:\Users\Je\Documents\NetBeansProjects\MO-IT101-GCP2025\target\classes
Launcher Type: SUN_STANDARD

[Global flags]
     intx CICompilerCount                          = 12                                        {product} {ergonomic}
     uint ConcGCThreads                            = 3                                         {product} {ergonomic}
     uint G1ConcRefinementThreads                  = 13                                        {product} {ergonomic}
   size_t G1HeapRegionSize                         = 2097152                                   {product} {ergonomic}
   size_t InitialHeapSize                          = 260046848                                 {product} {ergonomic}
   size_t MarkStackSize                            = 4194304                                   {product} {ergonomic}
   size_t MarkStackSizeMax                         = 536870912                                 {product} {ergonomic}
   size_t MaxHeapSize                              = 4139778048                                {product} {ergonomic}
   size_t MinHeapDeltaBytes                        = 2097152                                   {product} {ergonomic}
   size_t MinHeapSize                              = 8388608                                   {product} {ergonomic}
    uintx NonNMethodCodeHeapSize                   = 7602176                                {pd product} {ergonomic}
    uintx NonProfiledCodeHeapSize                  = 122093568                              {pd product} {ergonomic}
    uintx ProfiledCodeHeapSize                     = 121962496                              {pd product} {ergonomic}
    uintx ReservedCodeCacheSize                    = 251658240                              {pd product} {ergonomic}
     bool SegmentedCodeCache                       = true                                      {product} {ergonomic}
   size_t SoftMaxHeapSize                          = 4139778048                             {manageable} {ergonomic}
     bool UseCompressedOops                        = true                           {product lp64_product} {ergonomic}
     bool UseG1GC                                  = true                                      {product} {ergonomic}
     bool UseLargePagesIndividualAllocation        = false                                  {pd product} {ergonomic}

Logging:
Log output configuration:
 #0: stdout all=warning uptime,level,tags foldmultilines=false
 #1: stderr all=off uptime,level,tags foldmultilines=false

Environment Variables:
JAVA_HOME=C:\Program Files\Java\jdk-23
PATH=C:\Program Files\Common Files\Oracle\Java\javapath;C:\Program Files (x86)\Common Files\Intel\Shared Libraries\redist\intel64\compiler;C:\Program Files (x86)\Common Files\Oracle\Java\javapath;C:\ProgramData\Oracle\Java\javapath;C:\Windows\system32;C:\Windows;C:\Windows\System32\Wbem;C:\Windows\System32\WindowsPowerShell\v1.0\;C:\Windows\System32\OpenSSH\;C:\Program Files (x86)\NVIDIA Corporation\PhysX\Common;C:\Program Files\dotnet\;C:\WINDOWS\system32;C:\WINDOWS;C:\WINDOWS\System32\Wbem;C:\WINDOWS\System32\WindowsPowerShell\v1.0\;C:\WINDOWS\System32\OpenSSH\;C:\Program Files\Microsoft SQL Server\120\Tools\Binn\;C:\Program Files\Common Files\Autodesk Shared\;C:\Program Files\Git LFS;C:\Program Files\Git\cmd;C:\Users\Je\AppData\Local\Programs\Python\Python312\Scripts\;C:\Users\Je\AppData\Local\Programs\Python\Python312\;C:\Users\Je\AppData\Local\Programs\Python\Launcher\;C:\Users\Je\AppData\Local\Programs\Python\Python310\Scripts\;C:\Users\Je\AppData\Local\Programs\Python\Python310\;C:\Users\Je\AppData\Local\Microsoft\WindowsApps;C:\Users\Je\AppData\Local\Programs\Microsoft VS Code\bin;
USERNAME=Je
OS=Windows_NT
PROCESSOR_IDENTIFIER=AMD64 Family 23 Model 96 Stepping 1, AuthenticAMD
TMP=C:\Users\Je\AppData\Local\Temp
TEMP=C:\Users\Je\AppData\Local\Temp




Periodic native trim disabled

---------------  S Y S T E M  ---------------

OS:
 Windows 11 , 64 bit Build 26100 (10.0.26100.3323)
OS uptime: 0 days 15:33 hours
Hyper-V role detected

CPU: total 16 (initial active 16) (16 cores per cpu, 2 threads per core) family 23 model 96 stepping 1 microcode 0x8600106, cx8, cmov, fxsr, ht, mmx, 3dnowpref, sse, sse2, sse3, ssse3, sse4a, sse4.1, sse4.2, popcnt, lzcnt, tsc, tscinvbit, avx, avx2, aes, clmul, bmi1, bmi2, adx, sha, fma, vzeroupper, clflush, clflushopt, hv, rdtscp, rdpid, f16c
Processor Information for the first 16 processors :
  Max Mhz: 2901, Current Mhz: 2901, Mhz Limit: 2901

Memory: 4k page, system-wide physical 15790M (816M free)
TotalPageFile size 31790M (AvailPageFile size 103M)
current process WorkingSet (physical memory assigned to process): 13M, peak: 13M
current process commit charge ("private bytes"): 71M, peak: 319M

vm_info: Java HotSpot(TM) 64-Bit Server VM (23.0.2+7-58) for windows-amd64 JRE (23.0.2+7-58), built on 2024-11-29T09:34:55Z with MS VC++ 17.6 (VS2022)

END.
